code-creation,Stub,0x390100,513,"CEntryStub"
code-creation,Stub,0x390340,717,"CEntryDebugBreakStub"
code-creation,Stub,0x390680,175,"JSEntryStub"
code-creation,Stub,0x390760,175,"JSConstructEntryStub"
code-creation,Builtin,0x390840,49,"Illegal"
code-creation,Builtin,0x390880,49,"EmptyFunction"
code-creation,Builtin,0x3908c0,49,"ArrayCodeGeneric"
code-creation,Builtin,0x390900,49,"ArrayPush"
code-creation,Builtin,0x390940,49,"ArrayPop"
code-creation,Builtin,0x390980,49,"HandleApiCall"
code-creation,Builtin,0x3909c0,49,"HandleApiCallAsFunction"
code-creation,Builtin,0x390a00,49,"HandleApiCallAsConstructor"
code-creation,Builtin,0x390a40,140,"ArgumentsAdaptorTrampoline"
code-creation,Builtin,0x390ae0,93,"JSConstructCall"
code-creation,Stub,0x390b40,47,"RuntimeStub_NewObject"
code-creation,Builtin,0x390b80,377,"JSConstructStubGeneric"
code-creation,Builtin,0x390d20,125,"JSEntryTrampoline"
code-creation,Builtin,0x390dc0,95,"JSConstructEntryTrampoline"
code-creation,Builtin,0x390e40,55,"LoadIC_Miss"
code-creation,Builtin,0x390e80,59,"KeyedLoadIC_Miss"
code-creation,Builtin,0x390ec0,54,"StoreIC_Miss"
code-creation,Builtin,0x390f00,58,"KeyedStoreIC_Miss"
code-creation,Builtin,0x390f40,54,"StoreIC_ExtendStorage"
code-creation,Builtin,0x390f80,55,"KeyedStoreIC_ExtendStorage"
code-creation,Builtin,0x390fc0,55,"LoadIC_Initialize"
code-creation,Builtin,0x391000,55,"LoadIC_PreMonomorphic"
code-creation,Builtin,0x391040,369,"LoadIC_Normal"
code-creation,Builtin,0x3911c0,66,"LoadIC_ArrayLength"
code-creation,Builtin,0x391220,120,"LoadIC_StringLength"
code-creation,Builtin,0x3912a0,117,"LoadIC_FunctionPrototype"
code-creation,Builtin,0x391320,209,"LoadIC_Megamorphic"
code-creation,Builtin,0x391400,59,"KeyedLoadIC_Initialize"
code-creation,Builtin,0x391440,59,"KeyedLoadIC_PreMonomorphic"
code-creation,Builtin,0x391480,445,"KeyedLoadIC_Generic"
code-creation,Builtin,0x391660,157,"KeyedLoadIC_ExternalByteArray"
code-creation,Builtin,0x391720,156,"KeyedLoadIC_ExternalUnsignedByteArray"
code-creation,Builtin,0x3917c0,157,"KeyedLoadIC_ExternalShortArray"
code-creation,Builtin,0x391880,157,"KeyedLoadIC_ExternalUnsignedShortArray"
code-creation,Builtin,0x391940,220,"KeyedLoadIC_ExternalIntArray"
code-creation,Builtin,0x391a40,214,"KeyedLoadIC_ExternalUnsignedIntArray"
code-creation,Builtin,0x391b20,192,"KeyedLoadIC_ExternalFloatArray"
code-creation,Builtin,0x391c00,54,"StoreIC_Initialize"
code-creation,Builtin,0x391c40,229,"StoreIC_Megamorphic"
code-creation,Builtin,0x391d40,58,"KeyedStoreIC_Initialize"
code-creation,Stub,0x391d80,69,"RecordWrite"
code-creation,Builtin,0x391de0,295,"KeyedStoreIC_Generic"
code-creation,Builtin,0x391f20,215,"KeyedStoreIC_ExternalByteArray"
code-creation,Builtin,0x392100,215,"KeyedStoreIC_ExternalUnsignedByteArray"
code-creation,Builtin,0x3921e0,222,"KeyedStoreIC_ExternalShortArray"
code-creation,Builtin,0x3922e0,222,"KeyedStoreIC_ExternalUnsignedShortArray"
code-creation,Builtin,0x3923e0,245,"KeyedStoreIC_ExternalIntArray"
code-creation,Builtin,0x3924e0,249,"KeyedStoreIC_ExternalUnsignedIntArray"
code-creation,Builtin,0x392600,196,"KeyedStoreIC_ExternalFloatArray"
code-creation,Builtin,0x3926e0,284,"FunctionCall"
code-creation,Stub,0x392820,47,"RuntimeStub_StackGuard"
code-creation,Builtin,0x392860,320,"FunctionApply"
code-creation,Builtin,0x3929c0,506,"ArrayCode"
code-creation,Builtin,0x392be0,502,"ArrayConstructCode"
code-creation,Builtin,0x392e00,135,"Return_DebugBreak"
code-creation,Builtin,0x392ec0,122,"ConstructCall_DebugBreak"
code-creation,Builtin,0x392f60,122,"StubNoRegisters_DebugBreak"
code-creation,Builtin,0x393000,134,"LoadIC_DebugBreak"
code-creation,Builtin,0x3930c0,122,"KeyedLoadIC_DebugBreak"
code-creation,Builtin,0x393160,146,"StoreIC_DebugBreak"
code-creation,Builtin,0x393220,134,"KeyedStoreIC_DebugBreak"
code-creation,Stub,0x3932e0,47,"RuntimeStub_LazyCompile"
code-creation,LazyCompile,0x393320,57,"args_count: 1"
code-creation,LazyCompile,0x393360,57,"args_count: 2"
code-creation,LazyCompile,0x3933a0,57,"args_count: 0"
code-creation,Stub,0x3933e0,47,"RuntimeStub_DeclareGlobals"
code-creation,Stub,0x393420,47,"RuntimeStub_InitializeConstGlobal"
code-creation,Stub,0x393460,47,"RuntimeStub_FunctionSetPrototype"
code-creation,Stub,0x3934a0,51,"StackCheckStub"
code-creation,Script,0x3934e0,416,"native runtime.js"
code-creation,Stub,0x393720,44,"RuntimeStub_GetCalledFunction"
code-creation,Stub,0x393760,47,"RuntimeStub_GetConstructorDelegate"
code-creation,Stub,0x3937a0,47,"RuntimeStub_CloneShallowLiteralBoilerplate"
code-creation,Stub,0x3937e0,47,"RuntimeStub_Typeof"
code-creation,CallInitialize,0x393820,158,"args_count: 2"
code-creation,Stub,0x3938e0,47,"RuntimeStub_Throw"
code-creation,Stub,0x393920,47,"RuntimeStub_NewArguments"
code-creation,Stub,0x393960,47,"RuntimeStub_CreateArrayLiteralBoilerplate"
code-creation,LazyCompile,0x3939a0,306,"CALL_NON_FUNCTION_AS_CONSTRUCTOR native runtime.js:400"
code-creation,CallInitialize,0x393b40,158,"args_count: 1"
code-creation,LazyCompile,0x393c00,91,"TO_OBJECT native runtime.js:454"
code-creation,Stub,0x393ca0,47,"RuntimeStub_GetFunctionDelegate"
code-creation,LazyCompile,0x393ce0,306,"CALL_NON_FUNCTION native runtime.js:388"
code-creation,Stub,0x393e80,212,"Compare"
code-creation,Stub,0x394100,212,"Compare"
code-creation,Stub,0x3941e0,212,"Compare"
code-creation,Stub,0x3942c0,408,"Compare"
code-creation,LazyCompile,0x394480,1158,"APPLY_PREPARE native runtime.js:412"
code-creation,LazyCompile,0x3949c0,208,"APPLY_OVERFLOW native runtime.js:448"
code-creation,Stub,0x394ae0,47,"RuntimeStub_NumberCompare"
code-creation,Stub,0x394b20,47,"RuntimeStub_StringCompare"
code-creation,Stub,0x394b60,315,"Compare"
code-creation,LazyCompile,0x394cc0,623,"COMPARE native runtime.js:116"
code-creation,Stub,0x394fc0,47,"RuntimeStub_StringEquals"
code-creation,Stub,0x395000,47,"RuntimeStub_NumberEquals"
code-creation,LazyCompile,0x395040,277,"STRICT_EQUALS native runtime.js:96"
code-creation,CallInitialize,0x3951a0,158,"args_count: 1"
code-creation,CallInitialize,0x395260,158,"args_count: 2"
code-creation,LazyCompile,0x395320,1285,"EQUALS native runtime.js:54"
code-creation,LazyCompile,0x3958e0,57,"args_count: 3"
code-creation,CallInitialize,0x395920,158,"args_count: 0"
code-creation,Stub,0x3959e0,47,"RuntimeStub_NewClosure"
code-creation,Stub,0x395a20,47,"RuntimeStub_SetCode"
code-creation,Stub,0x395a60,47,"RuntimeStub_SetProperty"
code-creation,Script,0x395aa0,704,"native v8natives.js"
code-creation,CallPreMonomorphic,0x395e60,158,"args_count: 0"
code-creation,CallInitialize,0x395f20,158,"args_count: 12"
code-creation,CallInitialize,0x396100,158,"args_count: 3"
code-creation,LazyCompile,0x3961c0,389,"SetupGlobal native v8natives.js:152"
code-creation,CallPreMonomorphic,0x3963c0,158,"args_count: 12"
code-creation,CallPreMonomorphic,0x396480,158,"args_count: 3"
code-creation,Stub,0x396540,47,"RuntimeStub_OptimizeObjectForAddingMultipleProperties"
code-creation,Stub,0x396580,47,"RuntimeStub_FunctionSetName"
code-creation,Stub,0x3965c0,47,"RuntimeStub_TransformToFastProperties"
code-creation,Stub,0x396600,47,"RuntimeStub_NumberToString"
code-creation,Stub,0x396640,47,"RuntimeStub_StringAdd"
code-creation,LazyCompile,0x396680,381,"STRING_ADD_LEFT native runtime.js:166"
code-creation,LazyCompile,0x396860,399,"STRING_ADD_RIGHT native runtime.js:181"
code-creation,Stub,0x396a60,47,"RuntimeStub_NumberAdd"
code-creation,LazyCompile,0x396aa0,526,"ADD native runtime.js:146"
code-creation,Stub,0x396d20,320,"GenericBinaryOpStub_ADD"
code-creation,Stub,0x396e80,47,"RuntimeStub_NumberSar"
code-creation,LazyCompile,0x396ec0,367,"SAR native runtime.js:295"
code-creation,Stub,0x397080,294,"GenericBinaryOpStub_SAR"
code-creation,LazyCompile,0x3971c0,794,"InstallFunctions native v8natives.js:48"
code-creation,LazyCompile,0x397580,237," native v8natives.js:180"
code-creation,CallPreMonomorphic,0x3976c0,158,"args_count: 1"
code-creation,LazyCompile,0x397780,421,"ToBoolean native runtime.js:510"
code-creation,StoreIC,0x397980,127,"constructor"
code-creation,Stub,0x397a20,47,"RuntimeStub_CreateObjectLiteralBoilerplate"
code-creation,LazyCompile,0x397a60,297," native v8natives.js:286"
code-creation,CallInitialize,0x397be0,158,"args_count: 20"
code-creation,LazyCompile,0x397ca0,460,"SetupObject native v8natives.js:300"
code-creation,CallPreMonomorphic,0x397f00,158,"args_count: 20"
code-creation,CallPreMonomorphic,0x398100,158,"args_count: 2"
code-creation,CallInitialize,0x3981c0,158,"args_count: 6"
code-creation,LazyCompile,0x398280,216,"SetupBoolean native v8natives.js:351"
code-creation,CallPreMonomorphic,0x3983c0,158,"args_count: 6"
code-creation,Stub,0x398480,52,"ArgumentsAccessStub"
code-creation,LazyCompile,0x3984c0,282," native v8natives.js:365"
code-creation,Stub,0x398640,47,"RuntimeStub_StringToNumber"
code-creation,Stub,0x398680,166,"ToBoolean"
code-creation,LazyCompile,0x398740,389,"ToNumber native runtime.js:490"
code-creation,CallInitialize,0x398920,158,"args_count: 14"
code-creation,LazyCompile,0x3989e0,645,"SetupNumber native v8natives.js:469"
code-creation,CallPreMonomorphic,0x398d20,158,"args_count: 14"
code-creation,Stub,0x398de0,114,"ArgumentsAccessStub"
code-creation,Stub,0x398e60,362,"GenericBinaryOpStub_ADD"
code-creation,Stub,0x398fe0,47,"RuntimeStub_CompileString"
code-creation,Stub,0x399020,124,"CallFunction"
code-creation,Stub,0x3990a0,47,"RuntimeStub_SetNewFunctionAttributes"
code-creation,Stub,0x3990e0,47,"RuntimeStub_NumberSub"
code-creation,LazyCompile,0x399120,220,"SUB native runtime.js:197"
code-creation,Stub,0x399260,201,"GenericBinaryOpStub_SUB"
code-creation,LazyCompile,0x399340,91,"TO_NUMBER native runtime.js:460"
code-creation,LazyCompile,0x3993e0,1246,"NewFunction native v8natives.js:547"
code-creation,LazyCompile,0x3999a0,167,"SetupFunction native v8natives.js:576"
code-creation,LazyCompile,0x399aa0,57,"args_count: 4"
code-creation,LazyCompile,0x399ae0,57,"args_count: 5"
code-creation,Stub,0x399b20,47,"RuntimeStub_InitializeVarGlobal"
code-creation,Script,0x399b60,158,"native array.js"
code-creation,CallInitialize,0x399c60,170,"args_count: 42"
code-creation,LazyCompile,0x39a100,869,"SetupArray native array.js:1077"
code-creation,CallPreMonomorphic,0x39a540,170,"args_count: 42"
code-creation,Stub,0x39a600,47,"RuntimeStub_SetHiddenPrototype"
code-creation,LazyCompile,0x39a640,151,"InstallFunctionsOnHiddenPrototype native v8natives.js:65"
code-creation,Stub,0x39a740,47,"RuntimeStub_GetPropertyNamesFast"
code-creation,Stub,0x39a780,47,"RuntimeStub_HasProperty"
code-creation,LazyCompile,0x39a7c0,182,"FILTER_KEY native runtime.js:381"
code-creation,Stub,0x39a8c0,47,"RuntimeStub_FunctionSetLength"
code-creation,LazyCompile,0x39a900,363,"UpdateFunctionLengths native array.js:1069"
code-creation,KeyedLoadIC,0x39aac0,82,"ArrayForEach"
code-creation,KeyedLoadIC,0x39ab20,82,"ArraySome"
code-creation,Script,0x39ab80,551,"native string.js"
code-creation,LazyCompile,0x39ae80,285," native string.js:36"
code-creation,CallInitialize,0x39b000,170,"args_count: 72"
code-creation,LazyCompile,0x39b0c0,1192,"SetupString native string.js:838"
code-creation,CallPreMonomorphic,0x39b680,170,"args_count: 72"
code-creation,LoadIC,0x39b740,63,"$Object"
code-creation,CallMiss,0x39b7a0,158,"args_count: 3"
code-creation,CallIC,0x39b860,89,"InstallFunctions"
code-creation,Script,0x39b8c0,138,"native uri.js"
code-creation,LazyCompile,0x39b9a0,271,"SetupURI native uri.js:401"
code-creation,Stub,0x39bb20,47,"RuntimeStub_FunctionSetInstanceClassName"
code-creation,Script,0x39bb60,430,"native math.js"
code-creation,LazyCompile,0x39bda0,70,"MathConstructor native math.js:39"
code-creation,Stub,0x39be20,163,"ConstructStub"
code-creation,CallInitialize,0x39bee0,170,"args_count: 36"
code-creation,LazyCompile,0x39c100,893,"SetupMath native math.js:184"
code-creation,CallPreMonomorphic,0x39c560,170,"args_count: 36"
code-creation,LazyCompile,0x39c620,57,"args_count: 6"
code-creation,Stub,0x39c660,47,"RuntimeStub_ToSlowProperties"
code-creation,Stub,0x39c6a0,47,"RuntimeStub_ToFastProperties"
code-creation,Script,0x39c6e0,2188,"native messages.js"
code-creation,LazyCompile,0x39d240,117," native messages.js:109"
code-creation,Stub,0x39d300,47,"RuntimeStub_NewContext"
code-creation,Function,0x39d340,70,"ErrorPrototype"
code-creation,Function,0x39d3c0,196,""
code-creation,Function,0x39d4e0,353,""
code-creation,LazyCompile,0x39d6c0,548,"DefineError native messages.js:816"
code-creation,Stub,0x39d9a0,163,"ConstructStub"
code-creation,LoadIC,0x39da60,63,"global"
code-creation,Stub,0x39dac0,47,"RuntimeStub_CollectStackTrace"
code-creation,Function,0x39db00,95,""
code-creation,LazyCompile,0x39dba0,546,"captureStackTrace native messages.js:858"
code-creation,LoadIC,0x39de40,74,"$Error"
code-creation,LoadIC,0x39dea0,63,"kAddMessageAccessorsMarker"
code-creation,CallMiss,0x39df00,158,"args_count: 2"
code-creation,CallIC,0x39e100,89,"captureStackTrace"
code-creation,LazyCompile,0x39e160,109,"MakeRangeError native messages.js:208"
code-creation,LazyCompile,0x39e220,247,"MakeGenericError native messages.js:93"
code-creation,Stub,0x39e380,127,"CallFunction"
code-creation,Function,0x39e420,298,""
code-creation,Function,0x39e5a0,185,""
code-creation,LazyCompile,0x39e6a0,322,"DefineOneShotAccessor native messages.js:575"
code-creation,Stub,0x39e880,47,"RuntimeStub_DefineAccessor"
code-creation,LazyCompile,0x39e8c0,291,"__defineGetter__ native v8natives.js:240"
code-creation,LazyCompile,0x39ea60,422,"ToObject native runtime.js:520"
code-creation,LazyCompile,0x39ec80,384,"ToString native runtime.js:500"
code-creation,LazyCompile,0x39ee60,291,"__defineSetter__ native v8natives.js:259"
code-creation,Script,0x39f000,169,"native apinatives.js"
code-creation,Stub,0x39f120,47,"RuntimeStub_IsTemplate"
code-creation,Stub,0x39f160,47,"RuntimeStub_GetTemplateField"
code-creation,LazyCompile,0x39f1a0,643,"Instantiate native apinatives.js:44"
code-creation,CallPreMonomorphic,0x39f4c0,158,"args_count: 2"
code-creation,Stub,0x39f580,77,"ArgumentsAccessStub"
code-creation,Stub,0x39f5e0,47,"RuntimeStub_HasElement"
code-creation,LazyCompile,0x39f620,460,"IN native runtime.js:337"
code-creation,Stub,0x39f840,47,"RuntimeStub_CreateCatchExtensionObject"
code-creation,Stub,0x39f880,47,"RuntimeStub_PushCatchContext"
code-creation,Stub,0x39f8c0,47,"RuntimeStub_LoadContextSlot"
code-creation,Stub,0x39f900,47,"RuntimeStub_ReThrow"
code-creation,Stub,0x39f940,47,"RuntimeStub_CreateApiFunction"
code-creation,LazyCompile,0x3a0100,2699,"InstantiateFunction native apinatives.js:62"
code-creation,Stub,0x3a0d20,47,"RuntimeStub_DisableAccessChecks"
code-creation,Stub,0x3a0d60,47,"RuntimeStub_EnableAccessChecks"
code-creation,LazyCompile,0x3a0da0,1218,"ConfigureTemplateInstance native apinatives.js:93"
code-creation,Script,0x3a1340,112,"v8/gc"
code-creation,LoadIC,0x3a1400,63,"gc"
code-delete,0x397980
code-delete,0x39aac0
code-delete,0x39ab20
code-delete,0x39b740
code-delete,0x39b860
code-delete,0x39da60
code-delete,0x39de40
code-delete,0x39dea0
code-delete,0x39e100
code-delete,0x3a1400
code-move,0x39a8c0,0x100d
code-move,0x390100,0x140d
code-move,0x39c6a0,0x380d
code-move,0x3933e0,0x3c0d
code-move,0x393420,0x400d
code-move,0x3934a0,0x440d
code-move,0x393e80,0x480d
code-move,0x394cc0,0x560d
code-move,0x394ae0,0x860d
code-move,0x394b20,0x8a0d
code-move,0x393820,0x8e0d
code-move,0x390a40,0x9a0d
code-move,0x393b40,0xa40d
code-move,0x394b60,0xb00d
code-move,0x395320,0xc60d
code-move,0x394fc0,0x1220d
code-move,0x3951a0,0x1260d
code-move,0x395000,0x1320d
code-move,0x395260,0x1360d
code-move,0x39f840,0x1420d
code-move,0x399260,0x1460d
code-move,0x399120,0x1540d
code-move,0x3990e0,0x1680d
code-move,0x39c660,0x16c0d
code-move,0x3965c0,0x1700d
code-move,0x39f580,0x1740d
code-move,0x396580,0x17a0d
code-move,0x390680,0x17e0d
code-move,0x3990a0,0x18c0d
code-move,0x3937a0,0x1900d
code-move,0x398640,0x1940d
code-move,0x393720,0x1980d
code-move,0x398e60,0x19c0d
code-move,0x396680,0x1b40d
code-move,0x3942c0,0x1d20d
code-move,0x395040,0x2100d
code-move,0x396600,0x2260d
code-move,0x396640,0x22a0d
code-move,0x396860,0x22e0d
code-move,0x396aa0,0x24e0d
code-move,0x396a60,0x2760d
code-move,0x393460,0x27a0d
code-move,0x39a740,0x27e0d
code-move,0x39f880,0x2820d
code-move,0x3938e0,0x2860d
code-move,0x393960,0x28a0d
code-move,0x399020,0x28e0d
code-move,0x393ce0,0x2960d
code-move,0x393ca0,0x2b00d
code-move,0x3937e0,0x2b40d
code-move,0x393920,0x2b80d
code-move,0x393760,0x2bc0d
code-move,0x395a60,0x2c00d
code-move,0x394100,0x2c40d
code-move,0x39e380,0x2d20d
code-move,0x392820,0x2dc0d
code-move,0x39f900,0x2e00d
code-move,0x395a20,0x2e40d
code-move,0x39bb20,0x2e80d
code-move,0x390760,0x2ec0d
code-move,0x398de0,0x2fa0d
code-move,0x390b40,0x3020d
code-move,0x39e880,0x3060d
code-move,0x39f8c0,0x30a0d
code-move,0x399b20,0x30e0d
code-move,0x39a780,0x3120d
code-move,0x398fe0,0x3160d
code-move,0x39f160,0x31a0d
code-move,0x3941e0,0x31e0d
code-move,0x396540,0x32c0d
code-move,0x3932e0,0x3300d
code-move,0x3a0d60,0x3340d
code-move,0x396e80,0x3380d
code-move,0x39f5e0,0x33c0d
code-move,0x39a600,0x3400d
code-move,0x39f120,0x3440d
code-move,0x396d20,0x3480d
code-move,0x398480,0x35e0d
code-move,0x398680,0x3620d
code-move,0x3959e0,0x36e0d
code-move,0x39f940,0x3720d
code-move,0x39dac0,0x3760d
code-move,0x397080,0x37a0d
code-move,0x396ec0,0x38e0d
code-move,0x390340,0x3aa0d
code-move,0x391d80,0x3de0d
code-move,0x397a20,0x3e40d
code-move,0x3a0d20,0x3e80d
code-move,0x39d300,0x3ec0d
code-move,0x393360,0x3f00d
code-move,0x399c60,0x3f40d
code-move,0x39f4c0,0x4100d
code-move,0x39a540,0x41c0d
code-move,0x3963c0,0x4280d
code-move,0x39b000,0x4340d
code-move,0x39c560,0x4400d
code-move,0x396100,0x44c0d
code-move,0x399aa0,0x4580d
code-move,0x3933a0,0x45c0d
code-move,0x396480,0x4600d
code-move,0x39b680,0x46c0d
code-move,0x397f00,0x4780d
code-move,0x39b7a0,0x4840d
code-move,0x39df00,0x4900d
code-move,0x3983c0,0x49c0d
code-move,0x399ae0,0x4a80d
code-move,0x398100,0x4ac0d
code-move,0x3976c0,0x4b80d
code-move,0x3981c0,0x4c40d
code-move,0x398d20,0x4d00d
code-move,0x393320,0x4dc0d
code-move,0x395e60,0x4e00d
code-move,0x395920,0x4ec0d
code-move,0x3958e0,0x4f80d
code-move,0x397be0,0x4fc0d
code-move,0x398920,0x5080d
code-move,0x39bee0,0x5140d
code-move,0x39c620,0x5200d
code-move,0x395f20,0x5240d
code-move,0x3934e0,0x5300d
code-move,0x390b80,0x5540d
code-move,0x3926e0,0x56e0d
code-move,0x393c00,0x5820d
code-move,0x390840,0x58c0d
code-move,0x39d340,0x5900d
code-move,0x39d9a0,0x5980d
code-move,0x39d6c0,0x5a40d
code-move,0x390fc0,0x5d20d
code-move,0x391d40,0x5d60d
code-move,0x390ae0,0x5da0d
code-move,0x3939a0,0x5e00d
code-move,0x391c00,0x5fa0d
code-move,0x39d4e0,0x6100d
code-move,0x39d3c0,0x62e0d
code-move,0x3a0da0,0x6400d
code-move,0x391400,0x69a0d
code-move,0x39a900,0x69e0d
code-move,0x39a7c0,0x6ba0d
code-move,0x39d240,0x6ca0d
code-move,0x39a100,0x6d60d
code-move,0x3929c0,0x71a0d
code-move,0x3908c0,0x73c0d
code-move,0x392be0,0x7400d
code-move,0x39e220,0x7620d
code-move,0x398280,0x7780d
code-move,0x39e8c0,0x78c0d
code-move,0x39ec80,0x7a60d
code-move,0x397ca0,0x7c40d
code-move,0x3971c0,0x8100d
code-move,0x3999a0,0x84c0d
code-move,0x39c100,0x85c0d
code-move,0x390980,0x8a20d
code-move,0x39a640,0x8a60d
code-move,0x3993e0,0x8b60d
code-move,0x399340,0x9120d
code-move,0x39b9a0,0x91c0d
code-move,0x397580,0x9340d
code-move,0x39ee60,0x9480d
code-move,0x39ea60,0x9620d
code-move,0x39e6a0,0x9840d
code-move,0x39e420,0x9a20d
code-move,0x39e5a0,0x9ba0d
code-move,0x39dba0,0x9ca0d
code-move,0x39db00,0x9f40d
code-move,0x398740,0xa100d
code-move,0x39bda0,0xa2e0d
code-move,0x39be20,0xa360d
code-move,0x3989e0,0xa420d
code-move,0x39b0c0,0xa760d
code-move,0x39f620,0xad20d
code-move,0x39ae80,0xaf40d
code-move,0x39f1a0,0xb0c0d
code-move,0x3949c0,0xb3e0d
code-move,0x3984c0,0xb500d
code-move,0x3961c0,0xb680d
code-move,0x397780,0xb880d
code-move,0x39e160,0xba80d
code-move,0x3a0100,0xc100d
code-move,0x394480,0xcd20d
code-move,0x390940,0xd260d
code-move,0x390900,0xd2a0d
code-move,0x3909c0,0xd2e0d
code-move,0x390a00,0xd320d
code-move,0x392860,0xd360d
code-move,0x390880,0xd4c0d
code-move,0x397a60,0xd500d
code-move,0x395aa0,0xd680d
code-move,0x399b60,0xda40d
code-move,0x39ab80,0xdb40d
code-move,0x39b8c0,0xde40d
code-move,0x39bb60,0xe100d
code-move,0x39c6e0,0xe340d
code-move,0x39f000,0xeea0d
code-move,0x3a1340,0xefc0d
code-move,0x392e00,0xf080d
code-move,0x390d20,0xf140d
code-move,0x390dc0,0xf1e0d
code-move,0x390e40,0xf260d
code-move,0x390e80,0xf2a0d
code-move,0x390ec0,0xf2e0d
code-move,0x390f00,0xf320d
code-move,0x390f40,0xf360d
code-move,0x390f80,0xf3a0d
code-move,0x391000,0xf3e0d
code-move,0x391040,0xf420d
code-move,0x3911c0,0xf5a0d
code-move,0x391220,0xf600d
code-move,0x3912a0,0xf680d
code-move,0x391320,0xf700d
code-move,0x391440,0xf7e0d
code-move,0x391480,0xf820d
code-move,0x391660,0xfa00d
code-move,0x391720,0xfac0d
code-move,0x3917c0,0xfb60d
code-move,0x391880,0xfc20d
code-move,0x391940,0xfce0d
code-move,0x391a40,0xfde0d
code-move,0x391b20,0xfec0d
code-move,0x391c40,0x10100d
code-move,0x391de0,0x10200d
code-move,0x391f20,0x10340d
code-move,0x392100,0x10420d
code-move,0x3921e0,0x10500d
code-move,0x3922e0,0x10600d
code-move,0x3923e0,0x10700d
code-move,0x3924e0,0x10800d
code-move,0x392600,0x10920d
code-move,0x392ec0,0x10a00d
code-move,0x392f60,0x10aa0d
code-move,0x393000,0x10b40d
code-move,0x3930c0,0x10c00d
code-move,0x393160,0x10ca0d
code-move,0x393220,0x10d60d
